2023-10-10 14:05:40,739:WARNING:
'cuml' is a soft dependency and not included in the pycaret installation. Please run: `pip install cuml` to install.
2023-10-10 14:05:40,785:INFO:PyCaret RegressionExperiment
cy and not included in the pycaret installation. Please run: `pip install cuml` to install.
2023-10-10 14:05:40,743:WARNING:
'cuml' is a soft dependency and not included in the pycaret installation. Please run: `pip install cuml` to install.
2023-10-10 14:05:40,743:WARNING:
'cuml' is a soft dependency and not included in the pycaret installation. Please run: `pip install cuml` to install.
2023-10-10 14:05:40,796:INFO:Logging name: reg-default-name
2023-10-10 14:05:40,797:INFO:ML Usecase: MLUsecase.REGRESSION
2023-10-10 14:05:40,798:INFO:version 3.1.0
2023-10-10 14:05:40,798:INFO:Initializing setup()
2023-10-10 14:05:40,798:INFO:self.USI: aa44
2023-10-10 14:05:40,799:INFO:self._variable_keys: {'fold_groups_param', 'memory', 'log_plots_param', 'n_jobs_param', '_available_plots', 'idx', '_ml_usecase', 'transform_target_param', 'pipeline', 'data', 'X_train', 'logging_param', 'gpu_n_jobs_param', 'X', 'exp_name_log', 'target_param', 'USI', 'fold_shuffle_param', 'gpu_param', 'exp_id', 'X_test', 'y_test', 'fold_generator', 'y_train', 'y', 'html_param', 'seed'}
2023-10-10 14:05:40,799:INFO:Checking environment
2023-10-10 14:05:40,799:INFO:python_version: 3.9.13
2023-10-10 14:05:40,800:INFO:python_build: ('main', 'Aug 25 2022 23:51:50')
2023-10-10 14:05:40,800:INFO:machine: AMD64
2023-10-10 14:05:40,800:INFO:platform: Windows-10-10.0.22621-SP0
2023-10-10 14:05:40,800:INFO:Memory: svmem(total=21379649536, available=8663961600, percent=59.5, used=12715687936, free=8663961600)
2023-10-10 14:05:40,800:INFO:Physical Core: 4
2023-10-10 14:05:40,801:INFO:Logical Core: 8
2023-10-10 14:05:40,801:INFO:Checking libraries
2023-10-10 14:05:40,801:INFO:System:
2023-10-10 14:05:40,801:INFO:    python: 3.9.13 (main, Aug 25 2022, 23:51:50) [MSC v.1916 64 bit (AMD64)]
2023-10-10 14:05:40,801:INFO:executable: C:\Users\guisa\anaconda3\python.exe
2023-10-10 14:05:40,802:INFO:   machine: Windows-10-10.0.22621-SP0
2023-10-10 14:05:40,802:INFO:PyCaret required dependencies:
2023-10-10 14:05:40,961:INFO:                 pip: 22.2.2
2023-10-10 14:05:40,961:INFO:          setuptools: 63.4.1
2023-10-10 14:05:40,961:INFO:             pycaret: 3.1.0
2023-10-10 14:05:40,962:INFO:             IPython: 7.31.1
2023-10-10 14:05:40,962:INFO:          ipywidgets: 7.6.5
2023-10-10 14:05:40,962:INFO:                tqdm: 4.64.1
2023-10-10 14:05:40,962:INFO:               numpy: 1.21.5
2023-10-10 14:05:40,962:INFO:              pandas: 1.5.3
2023-10-10 14:05:40,963:INFO:              jinja2: 3.1.2
2023-10-10 14:05:40,963:INFO:               scipy: 1.10.1
2023-10-10 14:05:40,963:INFO:              joblib: 1.3.2
2023-10-10 14:05:40,963:INFO:             sklearn: 1.0.2
2023-10-10 14:05:40,963:INFO:                pyod: 1.1.0
2023-10-10 14:05:40,964:INFO:            imblearn: 0.11.0
2023-10-10 14:05:40,964:INFO:   category_encoders: 2.6.2
2023-10-10 14:05:40,964:INFO:            lightgbm: 4.1.0
2023-10-10 14:05:40,964:INFO:               numba: 0.55.1
2023-10-10 14:05:40,964:INFO:            requests: 2.31.0
2023-10-10 14:05:40,964:INFO:          matplotlib: 3.5.2
2023-10-10 14:05:40,965:INFO:          scikitplot: 0.3.7
2023-10-10 14:05:40,965:INFO:         yellowbrick: 1.5
2023-10-10 14:05:40,965:INFO:              plotly: 5.9.0
2023-10-10 14:05:40,965:INFO:    plotly-resampler: Not installed
2023-10-10 14:05:40,965:INFO:             kaleido: 0.2.1
2023-10-10 14:05:40,966:INFO:           schemdraw: 0.15
2023-10-10 14:05:40,966:INFO:         statsmodels: 0.13.2
2023-10-10 14:05:40,966:INFO:              sktime: 0.21.1
2023-10-10 14:05:40,966:INFO:               tbats: 1.1.3
2023-10-10 14:05:40,966:INFO:            pmdarima: 2.0.3
2023-10-10 14:05:40,967:INFO:              psutil: 5.9.0
2023-10-10 14:05:40,967:INFO:          markupsafe: 2.0.1
2023-10-10 14:05:40,967:INFO:             pickle5: Not installed
2023-10-10 14:05:40,967:INFO:         cloudpickle: 2.0.0
2023-10-10 14:05:40,967:INFO:         deprecation: 2.1.0
2023-10-10 14:05:40,968:INFO:              xxhash: 3.4.1
2023-10-10 14:05:40,968:INFO:           wurlitzer: Not installed
2023-10-10 14:05:40,968:INFO:PyCaret optional dependencies:
2023-10-10 14:05:41,000:INFO:                shap: Not installed
2023-10-10 14:05:41,000:INFO:           interpret: Not installed
2023-10-10 14:05:41,000:INFO:                umap: Not installed
2023-10-10 14:05:41,000:INFO:     ydata_profiling: Not installed
2023-10-10 14:05:41,001:INFO:  explainerdashboard: Not installed
2023-10-10 14:05:41,001:INFO:             autoviz: Not installed
2023-10-10 14:05:41,001:INFO:           fairlearn: Not installed
2023-10-10 14:05:41,001:INFO:          deepchecks: Not installed
2023-10-10 14:05:41,001:INFO:             xgboost: 1.7.5
2023-10-10 14:05:41,002:INFO:            catboost: Not installed
2023-10-10 14:05:41,002:INFO:              kmodes: Not installed
2023-10-10 14:05:41,002:INFO:             mlxtend: Not installed
2023-10-10 14:05:41,002:INFO:       statsforecast: Not installed
2023-10-10 14:05:41,002:INFO:        tune_sklearn: Not installed
2023-10-10 14:05:41,003:INFO:                 ray: Not installed
2023-10-10 14:05:41,003:INFO:            hyperopt: Not installed
2023-10-10 14:05:41,003:INFO:              optuna: Not installed
2023-10-10 14:05:41,003:INFO:               skopt: Not installed
2023-10-10 14:05:41,003:INFO:              mlflow: Not installed
2023-10-10 14:05:41,004:INFO:              gradio: Not installed
2023-10-10 14:05:41,004:INFO:             fastapi: Not installed
2023-10-10 14:05:41,004:INFO:             uvicorn: Not installed
2023-10-10 14:05:41,004:INFO:              m2cgen: Not installed
2023-10-10 14:05:41,005:INFO:           evidently: Not installed
2023-10-10 14:05:41,005:INFO:               fugue: Not installed
2023-10-10 14:05:41,005:INFO:           streamlit: 1.25.0
2023-10-10 14:05:41,006:INFO:             prophet: Not installed
2023-10-10 14:05:41,006:INFO:None
2023-10-10 14:05:41,006:INFO:Set up data.
2023-10-10 14:05:41,020:INFO:Set up folding strategy.
2023-10-10 14:05:41,021:INFO:Set up train/test split.
2023-10-10 14:05:41,029:INFO:Set up index.
2023-10-10 14:05:41,031:INFO:Assigning column types.
2023-10-10 14:05:41,038:INFO:Engine successfully changes for model 'lr' to 'sklearn'.
2023-10-10 14:05:41,039:INFO:Engine for model 'lasso' has not been set explicitly, hence returning None.
2023-10-10 14:05:41,044:INFO:Engine for model 'ridge' has not been set explicitly, hence returning None.
2023-10-10 14:05:41,049:INFO:Engine for model 'en' has not been set explicitly, hence returning None.
2023-10-10 14:05:41,117:INFO:Engine for model 'svm' has not been set explicitly, hence returning None.
2023-10-10 14:05:41,166:INFO:Engine for model 'knn' has not been set explicitly, hence returning None.
2023-10-10 14:05:41,167:INFO:Soft dependency imported: xgboost: 1.7.5
2023-10-10 14:05:41,200:WARNING:
'catboost' is a soft dependency and not included in the pycaret installation. Please run: `pip install catboost` to install.
Alternately, you can install this by running `pip install pycaret[models]`
2023-10-10 14:05:41,200:INFO:Engine for model 'lasso' has not been set explicitly, hence returning None.
2023-10-10 14:05:41,207:INFO:Engine for model 'ridge' has not been set explicitly, hence returning None.
2023-10-10 14:05:41,212:INFO:Engine for model 'en' has not been set explicitly, hence returning None.
2023-10-10 14:05:41,280:INFO:Engine for model 'svm' has not been set explicitly, hence returning None.
2023-10-10 14:05:41,329:INFO:Engine for model 'knn' has not been set explicitly, hence returning None.
2023-10-10 14:05:41,331:INFO:Soft dependency imported: xgboost: 1.7.5
2023-10-10 14:05:41,334:WARNING:
'catboost' is a soft dependency and not included in the pycaret installation. Please run: `pip install catboost` to install.
Alternately, you can install this by running `pip install pycaret[models]`
2023-10-10 14:05:41,335:INFO:Engine successfully changes for model 'lasso' to 'sklearn'.
2023-10-10 14:05:41,343:INFO:Engine for model 'ridge' has not been set explicitly, hence returning None.
2023-10-10 14:05:41,348:INFO:Engine for model 'en' has not been set explicitly, hence returning None.
2023-10-10 14:05:41,417:INFO:Engine for model 'svm' has not been set explicitly, hence returning None.
2023-10-10 14:05:41,469:INFO:Engine for model 'knn' has not been set explicitly, hence returning None.
2023-10-10 14:05:41,470:INFO:Soft dependency imported: xgboost: 1.7.5
2023-10-10 14:05:41,473:WARNING:
'catboost' is a soft dependency and not included in the pycaret installation. Please run: `pip install catboost` to install.
Alternately, you can install this by running `pip install pycaret[models]`
2023-10-10 14:05:41,479:INFO:Engine for model 'ridge' has not been set explicitly, hence returning None.
2023-10-10 14:05:41,484:INFO:Engine for model 'en' has not been set explicitly, hence returning None.
2023-10-10 14:05:41,551:INFO:Engine for model 'svm' has not been set explicitly, hence returning None.
2023-10-10 14:05:41,603:INFO:Engine for model 'knn' has not been set explicitly, hence returning None.
2023-10-10 14:05:41,604:INFO:Soft dependency imported: xgboost: 1.7.5
2023-10-10 14:05:41,608:WARNING:
'catboost' is a soft dependency and not included in the pycaret installation. Please run: `pip install catboost` to install.
Alternately, you can install this by running `pip install pycaret[models]`
2023-10-10 14:05:41,609:INFO:Engine successfully changes for model 'ridge' to 'sklearn'.
2023-10-10 14:05:41,620:INFO:Engine for model 'en' has not been set explicitly, hence returning None.
2023-10-10 14:05:41,685:INFO:Engine for model 'svm' has not been set explicitly, hence returning None.
2023-10-10 14:05:41,735:INFO:Engine for model 'knn' has not been set explicitly, hence returning None.
2023-10-10 14:05:41,736:INFO:Soft dependency imported: xgboost: 1.7.5
2023-10-10 14:05:41,740:WARNING:
'catboost' is a soft dependency and not included in the pycaret installation. Please run: `pip install catboost` to install.
Alternately, you can install this by running `pip install pycaret[models]`
2023-10-10 14:05:41,751:INFO:Engine for model 'en' has not been set explicitly, hence returning None.
2023-10-10 14:05:41,818:INFO:Engine for model 'svm' has not been set explicitly, hence returning None.
2023-10-10 14:05:41,868:INFO:Engine for model 'knn' has not been set explicitly, hence returning None.
2023-10-10 14:05:41,869:INFO:Soft dependency imported: xgboost: 1.7.5
2023-10-10 14:05:41,873:WARNING:
'catboost' is a soft dependency and not included in the pycaret installation. Please run: `pip install catboost` to install.
Alternately, you can install this by running `pip install pycaret[models]`
2023-10-10 14:05:41,874:INFO:Engine successfully changes for model 'en' to 'sklearn'.
2023-10-10 14:05:41,951:INFO:Engine for model 'svm' has not been set explicitly, hence returning None.
2023-10-10 14:05:42,000:INFO:Engine for model 'knn' has not been set explicitly, hence returning None.
2023-10-10 14:05:42,001:INFO:Soft dependency imported: xgboost: 1.7.5
2023-10-10 14:05:42,009:WARNING:
'catboost' is a soft dependency and not included in the pycaret installation. Please run: `pip install catboost` to install.
Alternately, you can install this by running `pip install pycaret[models]`
2023-10-10 14:05:42,085:INFO:Engine for model 'svm' has not been set explicitly, hence returning None.
2023-10-10 14:05:42,136:INFO:Engine for model 'knn' has not been set explicitly, hence returning None.
2023-10-10 14:05:42,137:INFO:Soft dependency imported: xgboost: 1.7.5
2023-10-10 14:05:42,141:WARNING:
'catboost' is a soft dependency and not included in the pycaret installation. Please run: `pip install catboost` to install.
Alternately, you can install this by running `pip install pycaret[models]`
2023-10-10 14:05:42,141:INFO:Engine successfully changes for model 'knn' to 'sklearn'.
2023-10-10 14:05:42,217:INFO:Engine for model 'svm' has not been set explicitly, hence returning None.
2023-10-10 14:05:42,268:INFO:Soft dependency imported: xgboost: 1.7.5
2023-10-10 14:05:42,271:WARNING:
'catboost' is a soft dependency and not included in the pycaret installation. Please run: `pip install catboost` to install.
Alternately, you can install this by running `pip install pycaret[models]`
2023-10-10 14:05:42,348:INFO:Engine for model 'svm' has not been set explicitly, hence returning None.
2023-10-10 14:05:42,399:INFO:Soft dependency imported: xgboost: 1.7.5
2023-10-10 14:05:42,402:WARNING:
'catboost' is a soft dependency and not included in the pycaret installation. Please run: `pip install catboost` to install.
Alternately, you can install this by running `pip install pycaret[models]`
2023-10-10 14:05:42,403:INFO:Engine successfully changes for model 'svm' to 'sklearn'.
2023-10-10 14:05:42,529:INFO:Soft dependency imported: xgboost: 1.7.5
2023-10-10 14:05:42,533:WARNING:
'catboost' is a soft dependency and not included in the pycaret installation. Please run: `pip install catboost` to install.
Alternately, you can install this by running `pip install pycaret[models]`
2023-10-10 14:05:42,661:INFO:Soft dependency imported: xgboost: 1.7.5
2023-10-10 14:05:42,664:WARNING:
'catboost' is a soft dependency and not included in the pycaret installation. Please run: `pip install catboost` to install.
Alternately, you can install this by running `pip install pycaret[models]`
2023-10-10 14:05:42,667:INFO:Preparing preprocessing pipeline...
2023-10-10 14:05:42,668:INFO:Set up simple imputation.
2023-10-10 14:05:42,670:INFO:Set up column name cleaning.
2023-10-10 14:05:42,710:INFO:Finished creating preprocessing pipeline.
2023-10-10 14:05:42,717:INFO:Pipeline: Pipeline(memory=FastMemory(location=C:\Users\guisa\AppData\Local\Temp\joblib),
         steps=[('numerical_imputer',
                 TransformerWrapper(include=['ano_de_fabricacao', 'hodometro',
                                             'cambio', 'num_portas',
                                             'veiculo_único_dono', 'ipva_pago',
                                             'veiculo_licenciado',
                                             'garantia_de_fábrica', 'motor',
                                             'cor_encoded', 'modelo_encoded',
                                             'marca_encoded', 'tipo_encoded'],
                                    transformer=SimpleImputer())),
                ('categorical_imputer',
                 TransformerWrapper(include=[],
                                    transformer=SimpleImputer(strategy='most_frequent'))),
                ('clean_column_names',
                 TransformerWrapper(transformer=CleanColumnNames()))])
2023-10-10 14:05:42,717:INFO:Creating final display dataframe.
2023-10-10 14:05:42,836:INFO:Setup _display_container:                     Description             Value
0                    Session id              8928
1                        Target             preco
2                   Target type        Regression
3           Original data shape       (28055, 14)
4        Transformed data shape       (28055, 14)
5   Transformed train set shape       (19638, 14)
6    Transformed test set shape        (8417, 14)
7              Numeric features                13
8                    Preprocess              True
9               Imputation type            simple
10           Numeric imputation              mean
11       Categorical imputation              mode
12               Fold Generator             KFold
13                  Fold Number                10
14                     CPU Jobs                -1
15                      Use GPU             False
16               Log Experiment             False
17              Experiment Name  reg-default-name
18                          USI              aa44
2023-10-10 14:05:42,977:INFO:Soft dependency imported: xgboost: 1.7.5
2023-10-10 14:05:42,981:WARNING:
'catboost' is a soft dependency and not included in the pycaret installation. Please run: `pip install catboost` to install.
Alternately, you can install this by running `pip install pycaret[models]`
2023-10-10 14:05:43,109:INFO:Soft dependency imported: xgboost: 1.7.5
2023-10-10 14:05:43,113:WARNING:
'catboost' is a soft dependency and not included in the pycaret installation. Please run: `pip install catboost` to install.
Alternately, you can install this by running `pip install pycaret[models]`
2023-10-10 14:05:43,114:INFO:setup() successfully completed in 2.33s...............
2023-10-10 14:05:43,131:INFO:Initializing compare_models()
2023-10-10 14:05:43,132:INFO:compare_models(self=<pycaret.regression.oop.RegressionExperiment object at 0x000001DB66758490>, include=None, fold=None, round=4, cross_validation=True, sort=R2, n_select=1, budget_time=None, turbo=True, errors=ignore, fit_kwargs=None, groups=None, experiment_custom_tags=None, probability_threshold=None, verbose=True, parallel=None, caller_params={'self': <pycaret.regression.oop.RegressionExperiment object at 0x000001DB66758490>, 'include': None, 'exclude': None, 'fold': None, 'round': 4, 'cross_validation': True, 'sort': 'R2', 'n_select': 1, 'budget_time': None, 'turbo': True, 'errors': 'ignore', 'fit_kwargs': None, 'groups': None, 'experiment_custom_tags': None, 'engine': None, 'verbose': True, 'parallel': None, '__class__': <class 'pycaret.regression.oop.RegressionExperiment'>}, exclude=None)
2023-10-10 14:05:43,132:INFO:Checking exceptions
2023-10-10 14:05:43,137:INFO:Preparing display monitor
2023-10-10 14:05:43,183:INFO:Initializing Linear Regression
2023-10-10 14:05:43,184:INFO:Total runtime is 1.6482671101888022e-05 minutes
2023-10-10 14:05:43,189:INFO:SubProcess create_model() called ==================================
2023-10-10 14:05:43,190:INFO:Initializing create_model()
2023-10-10 14:05:43,191:INFO:create_model(self=<pycaret.regression.oop.RegressionExperiment object at 0x000001DB66758490>, estimator=lr, fold=KFold(n_splits=10, random_state=None, shuffle=False), round=4, cross_validation=True, predict=True, fit_kwargs={}, groups=None, refit=False, probability_threshold=None, experiment_custom_tags=None, verbose=False, system=False, add_to_model_list=True, metrics=None, display=<pycaret.internal.display.display.CommonDisplay object at 0x000001DB6A58C970>, model_only=True, return_train_score=False, kwargs={})
2023-10-10 14:05:43,191:INFO:Checking exceptions
2023-10-10 14:05:43,191:INFO:Importing libraries
2023-10-10 14:05:43,192:INFO:Copying training dataset
2023-10-10 14:05:43,203:INFO:Defining folds
2023-10-10 14:05:43,203:INFO:Declaring metric variables
2023-10-10 14:05:43,208:INFO:Importing untrained model
2023-10-10 14:05:43,214:INFO:Linear Regression Imported successfully
2023-10-10 14:05:43,223:INFO:Starting cross validation
2023-10-10 14:05:43,231:INFO:Cross validating with KFold(n_splits=10, random_state=None, shuffle=False), n_jobs=-1
2023-10-10 14:05:56,921:INFO:Calculating mean and std
2023-10-10 14:05:56,925:INFO:Creating metrics dataframe
2023-10-10 14:05:56,933:INFO:Uploading results into container
2023-10-10 14:05:56,935:INFO:Uploading model into container now
2023-10-10 14:05:56,938:INFO:_master_model_container: 1
2023-10-10 14:05:56,939:INFO:_display_container: 2
2023-10-10 14:05:56,940:INFO:LinearRegression(n_jobs=-1)
2023-10-10 14:05:56,941:INFO:create_model() successfully completed......................................
2023-10-10 14:05:57,063:INFO:SubProcess create_model() end ==================================
2023-10-10 14:05:57,065:INFO:Creating metrics dataframe
2023-10-10 14:05:57,085:INFO:Initializing Lasso Regression
2023-10-10 14:05:57,085:INFO:Total runtime is 0.2316967487335205 minutes
2023-10-10 14:05:57,094:INFO:SubProcess create_model() called ==================================
2023-10-10 14:05:57,096:INFO:Initializing create_model()
2023-10-10 14:05:57,096:INFO:create_model(self=<pycaret.regression.oop.RegressionExperiment object at 0x000001DB66758490>, estimator=lasso, fold=KFold(n_splits=10, random_state=None, shuffle=False), round=4, cross_validation=True, predict=True, fit_kwargs={}, groups=None, refit=False, probability_threshold=None, experiment_custom_tags=None, verbose=False, system=False, add_to_model_list=True, metrics=None, display=<pycaret.internal.display.display.CommonDisplay object at 0x000001DB6A58C970>, model_only=True, return_train_score=False, kwargs={})
2023-10-10 14:05:57,097:INFO:Checking exceptions
2023-10-10 14:05:57,098:INFO:Importing libraries
2023-10-10 14:05:57,099:INFO:Copying training dataset
2023-10-10 14:05:57,122:INFO:Defining folds
2023-10-10 14:05:57,124:INFO:Declaring metric variables
2023-10-10 14:05:57,132:INFO:Importing untrained model
2023-10-10 14:05:57,141:INFO:Lasso Regression Imported successfully
2023-10-10 14:05:57,155:INFO:Starting cross validation
2023-10-10 14:05:57,159:INFO:Cross validating with KFold(n_splits=10, random_state=None, shuffle=False), n_jobs=-1
2023-10-10 14:05:57,566:INFO:Calculating mean and std
2023-10-10 14:05:57,570:INFO:Creating metrics dataframe
2023-10-10 14:05:57,579:INFO:Uploading results into container
2023-10-10 14:05:57,581:INFO:Uploading model into container now
2023-10-10 14:05:57,583:INFO:_master_model_container: 2
2023-10-10 14:05:57,583:INFO:_display_container: 2
2023-10-10 14:05:57,584:INFO:Lasso(random_state=8928)
2023-10-10 14:05:57,585:INFO:create_model() successfully completed......................................
2023-10-10 14:05:57,696:INFO:SubProcess create_model() end ==================================
2023-10-10 14:05:57,697:INFO:Creating metrics dataframe
2023-10-10 14:05:57,720:INFO:Initializing Ridge Regression
2023-10-10 14:05:57,721:INFO:Total runtime is 0.24228542645772297 minutes
2023-10-10 14:05:57,729:INFO:SubProcess create_model() called ==================================
2023-10-10 14:05:57,730:INFO:Initializing create_model()
2023-10-10 14:05:57,731:INFO:create_model(self=<pycaret.regression.oop.RegressionExperiment object at 0x000001DB66758490>, estimator=ridge, fold=KFold(n_splits=10, random_state=None, shuffle=False), round=4, cross_validation=True, predict=True, fit_kwargs={}, groups=None, refit=False, probability_threshold=None, experiment_custom_tags=None, verbose=False, system=False, add_to_model_list=True, metrics=None, display=<pycaret.internal.display.display.CommonDisplay object at 0x000001DB6A58C970>, model_only=True, return_train_score=False, kwargs={})
2023-10-10 14:05:57,732:INFO:Checking exceptions
2023-10-10 14:05:57,732:INFO:Importing libraries
2023-10-10 14:05:57,733:INFO:Copying training dataset
2023-10-10 14:05:57,758:INFO:Defining folds
2023-10-10 14:05:57,760:INFO:Declaring metric variables
2023-10-10 14:05:57,768:INFO:Importing untrained model
2023-10-10 14:05:57,779:INFO:Ridge Regression Imported successfully
2023-10-10 14:05:57,795:INFO:Starting cross validation
2023-10-10 14:05:57,798:INFO:Cross validating with KFold(n_splits=10, random_state=None, shuffle=False), n_jobs=-1
2023-10-10 14:05:58,101:INFO:Calculating mean and std
2023-10-10 14:05:58,105:INFO:Creating metrics dataframe
2023-10-10 14:05:58,113:INFO:Uploading results into container
2023-10-10 14:05:58,116:INFO:Uploading model into container now
2023-10-10 14:05:58,117:INFO:_master_model_container: 3
2023-10-10 14:05:58,118:INFO:_display_container: 2
2023-10-10 14:05:58,119:INFO:Ridge(random_state=8928)
2023-10-10 14:05:58,120:INFO:create_model() successfully completed......................................
2023-10-10 14:05:58,232:INFO:SubProcess create_model() end ==================================
2023-10-10 14:05:58,233:INFO:Creating metrics dataframe
2023-10-10 14:05:58,259:INFO:Initializing Elastic Net
2023-10-10 14:05:58,260:INFO:Total runtime is 0.25126132170359294 minutes
2023-10-10 14:05:58,268:INFO:SubProcess create_model() called ==================================
2023-10-10 14:05:58,270:INFO:Initializing create_model()
2023-10-10 14:05:58,271:INFO:create_model(self=<pycaret.regression.oop.RegressionExperiment object at 0x000001DB66758490>, estimator=en, fold=KFold(n_splits=10, random_state=None, shuffle=False), round=4, cross_validation=True, predict=True, fit_kwargs={}, groups=None, refit=False, probability_threshold=None, experiment_custom_tags=None, verbose=False, system=False, add_to_model_list=True, metrics=None, display=<pycaret.internal.display.display.CommonDisplay object at 0x000001DB6A58C970>, model_only=True, return_train_score=False, kwargs={})
2023-10-10 14:05:58,272:INFO:Checking exceptions
2023-10-10 14:05:58,273:INFO:Importing libraries
2023-10-10 14:05:58,274:INFO:Copying training dataset
2023-10-10 14:05:58,298:INFO:Defining folds
2023-10-10 14:05:58,300:INFO:Declaring metric variables
2023-10-10 14:05:58,310:INFO:Importing untrained model
2023-10-10 14:05:58,319:INFO:Elastic Net Imported successfully
2023-10-10 14:05:58,339:INFO:Starting cross validation
2023-10-10 14:05:58,342:INFO:Cross validating with KFold(n_splits=10, random_state=None, shuffle=False), n_jobs=-1
2023-10-10 14:05:58,732:INFO:Calculating mean and std
2023-10-10 14:05:58,742:INFO:Creating metrics dataframe
2023-10-10 14:05:58,760:INFO:Uploading results into container
2023-10-10 14:05:58,764:INFO:Uploading model into container now
2023-10-10 14:05:58,766:INFO:_master_model_container: 4
2023-10-10 14:05:58,767:INFO:_display_container: 2
2023-10-10 14:05:58,770:INFO:ElasticNet(random_state=8928)
2023-10-10 14:05:58,772:INFO:create_model() successfully completed......................................
2023-10-10 14:05:58,892:INFO:SubProcess create_model() end ==================================
2023-10-10 14:05:58,893:INFO:Creating metrics dataframe
2023-10-10 14:05:58,911:INFO:Initializing Least Angle Regression
2023-10-10 14:05:58,912:INFO:Total runtime is 0.2621376474698385 minutes
2023-10-10 14:05:58,917:INFO:SubProcess create_model() called ==================================
2023-10-10 14:05:58,918:INFO:Initializing create_model()
2023-10-10 14:05:58,919:INFO:create_model(self=<pycaret.regression.oop.RegressionExperiment object at 0x000001DB66758490>, estimator=lar, fold=KFold(n_splits=10, random_state=None, shuffle=False), round=4, cross_validation=True, predict=True, fit_kwargs={}, groups=None, refit=False, probability_threshold=None, experiment_custom_tags=None, verbose=False, system=False, add_to_model_list=True, metrics=None, display=<pycaret.internal.display.display.CommonDisplay object at 0x000001DB6A58C970>, model_only=True, return_train_score=False, kwargs={})
2023-10-10 14:05:58,919:INFO:Checking exceptions
2023-10-10 14:05:58,919:INFO:Importing libraries
2023-10-10 14:05:58,920:INFO:Copying training dataset
2023-10-10 14:05:58,933:INFO:Defining folds
2023-10-10 14:05:58,935:INFO:Declaring metric variables
2023-10-10 14:05:58,941:INFO:Importing untrained model
2023-10-10 14:05:58,945:INFO:Least Angle Regression Imported successfully
2023-10-10 14:05:58,954:INFO:Starting cross validation
2023-10-10 14:05:58,957:INFO:Cross validating with KFold(n_splits=10, random_state=None, shuffle=False), n_jobs=-1
2023-10-10 14:05:59,022:WARNING:C:\Users\guisa\anaconda3\lib\site-packages\sklearn\linear_model\_base.py:133: FutureWarning: The default of 'normalize' will be set to False in version 1.2 and deprecated in version 1.4.
If you wish to scale the data, use Pipeline with a StandardScaler in a preprocessing stage. To reproduce the previous behavior:

from sklearn.pipeline import make_pipeline

model = make_pipeline(StandardScaler(with_mean=False), Lars())

If you wish to pass a sample_weight parameter, you need to pass it as a fit parameter to each step of the pipeline as follows:

kwargs = {s[0] + '__sample_weight': sample_weight for s in model.steps}
model.fit(X, y, **kwargs)


  warnings.warn(

2023-10-10 14:05:59,035:WARNING:C:\Users\guisa\anaconda3\lib\site-packages\sklearn\linear_model\_base.py:133: FutureWarning: The default of 'normalize' will be set to False in version 1.2 and deprecated in version 1.4.
If you wish to scale the data, use Pipeline with a StandardScaler in a preprocessing stage. To reproduce the previous behavior:

from sklearn.pipeline import make_pipeline

model = make_pipeline(StandardScaler(with_mean=False), Lars())

If you wish to pass a sample_weight parameter, you need to pass it as a fit parameter to each step of the pipeline as follows:

kwargs = {s[0] + '__sample_weight': sample_weight for s in model.steps}
model.fit(X, y, **kwargs)


  warnings.warn(

2023-10-10 14:05:59,058:WARNING:C:\Users\guisa\anaconda3\lib\site-packages\sklearn\linear_model\_base.py:133: FutureWarning: The default of 'normalize' will be set to False in version 1.2 and deprecated in version 1.4.
If you wish to scale the data, use Pipeline with a StandardScaler in a preprocessing stage. To reproduce the previous behavior:

from sklearn.pipeline import make_pipeline

model = make_pipeline(StandardScaler(with_mean=False), Lars())

If you wish to pass a sample_weight parameter, you need to pass it as a fit parameter to each step of the pipeline as follows:

kwargs = {s[0] + '__sample_weight': sample_weight for s in model.steps}
model.fit(X, y, **kwargs)


  warnings.warn(

2023-10-10 14:05:59,073:WARNING:C:\Users\guisa\anaconda3\lib\site-packages\sklearn\linear_model\_base.py:133: FutureWarning: The default of 'normalize' will be set to False in version 1.2 and deprecated in version 1.4.
If you wish to scale the data, use Pipeline with a StandardScaler in a preprocessing stage. To reproduce the previous behavior:

from sklearn.pipeline import make_pipeline

model = make_pipeline(StandardScaler(with_mean=False), Lars())

If you wish to pass a sample_weight parameter, you need to pass it as a fit parameter to each step of the pipeline as follows:

kwargs = {s[0] + '__sample_weight': sample_weight for s in model.steps}
model.fit(X, y, **kwargs)


  warnings.warn(

2023-10-10 14:05:59,098:WARNING:C:\Users\guisa\anaconda3\lib\site-packages\sklearn\linear_model\_base.py:133: FutureWarning: The default of 'normalize' will be set to False in version 1.2 and deprecated in version 1.4.
If you wish to scale the data, use Pipeline with a StandardScaler in a preprocessing stage. To reproduce the previous behavior:

from sklearn.pipeline import make_pipeline

model = make_pipeline(StandardScaler(with_mean=False), Lars())

If you wish to pass a sample_weight parameter, you need to pass it as a fit parameter to each step of the pipeline as follows:

kwargs = {s[0] + '__sample_weight': sample_weight for s in model.steps}
model.fit(X, y, **kwargs)


  warnings.warn(

2023-10-10 14:05:59,122:WARNING:C:\Users\guisa\anaconda3\lib\site-packages\sklearn\linear_model\_base.py:133: FutureWarning: The default of 'normalize' will be set to False in version 1.2 and deprecated in version 1.4.
If you wish to scale the data, use Pipeline with a StandardScaler in a preprocessing stage. To reproduce the previous behavior:

from sklearn.pipeline import make_pipeline

model = make_pipeline(StandardScaler(with_mean=False), Lars())

If you wish to pass a sample_weight parameter, you need to pass it as a fit parameter to each step of the pipeline as follows:

kwargs = {s[0] + '__sample_weight': sample_weight for s in model.steps}
model.fit(X, y, **kwargs)


  warnings.warn(

2023-10-10 14:05:59,130:WARNING:C:\Users\guisa\anaconda3\lib\site-packages\sklearn\linear_model\_base.py:133: FutureWarning: The default of 'normalize' will be set to False in version 1.2 and deprecated in version 1.4.
If you wish to scale the data, use Pipeline with a StandardScaler in a preprocessing stage. To reproduce the previous behavior:

from sklearn.pipeline import make_pipeline

model = make_pipeline(StandardScaler(with_mean=False), Lars())

If you wish to pass a sample_weight parameter, you need to pass it as a fit parameter to each step of the pipeline as follows:

kwargs = {s[0] + '__sample_weight': sample_weight for s in model.steps}
model.fit(X, y, **kwargs)


  warnings.warn(

2023-10-10 14:05:59,154:WARNING:C:\Users\guisa\anaconda3\lib\site-packages\sklearn\linear_model\_base.py:133: FutureWarning: The default of 'normalize' will be set to False in version 1.2 and deprecated in version 1.4.
If you wish to scale the data, use Pipeline with a StandardScaler in a preprocessing stage. To reproduce the previous behavior:

from sklearn.pipeline import make_pipeline

model = make_pipeline(StandardScaler(with_mean=False), Lars())

If you wish to pass a sample_weight parameter, you need to pass it as a fit parameter to each step of the pipeline as follows:

kwargs = {s[0] + '__sample_weight': sample_weight for s in model.steps}
model.fit(X, y, **kwargs)


  warnings.warn(

2023-10-10 14:05:59,167:WARNING:C:\Users\guisa\anaconda3\lib\site-packages\sklearn\linear_model\_base.py:133: FutureWarning: The default of 'normalize' will be set to False in version 1.2 and deprecated in version 1.4.
If you wish to scale the data, use Pipeline with a StandardScaler in a preprocessing stage. To reproduce the previous behavior:

from sklearn.pipeline import make_pipeline

model = make_pipeline(StandardScaler(with_mean=False), Lars())

If you wish to pass a sample_weight parameter, you need to pass it as a fit parameter to each step of the pipeline as follows:

kwargs = {s[0] + '__sample_weight': sample_weight for s in model.steps}
model.fit(X, y, **kwargs)


  warnings.warn(

2023-10-10 14:05:59,178:WARNING:C:\Users\guisa\anaconda3\lib\site-packages\sklearn\linear_model\_base.py:133: FutureWarning: The default of 'normalize' will be set to False in version 1.2 and deprecated in version 1.4.
If you wish to scale the data, use Pipeline with a StandardScaler in a preprocessing stage. To reproduce the previous behavior:

from sklearn.pipeline import make_pipeline

model = make_pipeline(StandardScaler(with_mean=False), Lars())

If you wish to pass a sample_weight parameter, you need to pass it as a fit parameter to each step of the pipeline as follows:

kwargs = {s[0] + '__sample_weight': sample_weight for s in model.steps}
model.fit(X, y, **kwargs)


  warnings.warn(

2023-10-10 14:05:59,204:INFO:Calculating mean and std
2023-10-10 14:05:59,206:INFO:Creating metrics dataframe
2023-10-10 14:05:59,211:INFO:Uploading results into container
2023-10-10 14:05:59,212:INFO:Uploading model into container now
2023-10-10 14:05:59,213:INFO:_master_model_container: 5
2023-10-10 14:05:59,213:INFO:_display_container: 2
2023-10-10 14:05:59,214:INFO:Lars(random_state=8928)
2023-10-10 14:05:59,214:INFO:create_model() successfully completed......................................
2023-10-10 14:05:59,294:INFO:SubProcess create_model() end ==================================
2023-10-10 14:05:59,296:INFO:Creating metrics dataframe
2023-10-10 14:05:59,311:INFO:Initializing Lasso Least Angle Regression
2023-10-10 14:05:59,312:INFO:Total runtime is 0.26881594260533653 minutes
2023-10-10 14:05:59,317:INFO:SubProcess create_model() called ==================================
2023-10-10 14:05:59,317:INFO:Initializing create_model()
2023-10-10 14:05:59,319:INFO:create_model(self=<pycaret.regression.oop.RegressionExperiment object at 0x000001DB66758490>, estimator=llar, fold=KFold(n_splits=10, random_state=None, shuffle=False), round=4, cross_validation=True, predict=True, fit_kwargs={}, groups=None, refit=False, probability_threshold=None, experiment_custom_tags=None, verbose=False, system=False, add_to_model_list=True, metrics=None, display=<pycaret.internal.display.display.CommonDisplay object at 0x000001DB6A58C970>, model_only=True, return_train_score=False, kwargs={})
2023-10-10 14:05:59,319:INFO:Checking exceptions
2023-10-10 14:05:59,320:INFO:Importing libraries
2023-10-10 14:05:59,320:INFO:Copying training dataset
2023-10-10 14:05:59,333:INFO:Defining folds
2023-10-10 14:05:59,334:INFO:Declaring metric variables
2023-10-10 14:05:59,339:INFO:Importing untrained model
2023-10-10 14:05:59,344:INFO:Lasso Least Angle Regression Imported successfully
2023-10-10 14:05:59,353:INFO:Starting cross validation
2023-10-10 14:05:59,355:INFO:Cross validating with KFold(n_splits=10, random_state=None, shuffle=False), n_jobs=-1
2023-10-10 14:05:59,423:WARNING:C:\Users\guisa\anaconda3\lib\site-packages\sklearn\linear_model\_base.py:133: FutureWarning: The default of 'normalize' will be set to False in version 1.2 and deprecated in version 1.4.
If you wish to scale the data, use Pipeline with a StandardScaler in a preprocessing stage. To reproduce the previous behavior:

from sklearn.pipeline import make_pipeline

model = make_pipeline(StandardScaler(with_mean=False), LassoLars())

If you wish to pass a sample_weight parameter, you need to pass it as a fit parameter to each step of the pipeline as follows:

kwargs = {s[0] + '__sample_weight': sample_weight for s in model.steps}
model.fit(X, y, **kwargs)

Set parameter alpha to: original_alpha * np.sqrt(n_samples). 
  warnings.warn(

2023-10-10 14:05:59,442:WARNING:C:\Users\guisa\anaconda3\lib\site-packages\sklearn\linear_model\_base.py:133: FutureWarning: The default of 'normalize' will be set to False in version 1.2 and deprecated in version 1.4.
If you wish to scale the data, use Pipeline with a StandardScaler in a preprocessing stage. To reproduce the previous behavior:

from sklearn.pipeline import make_pipeline

model = make_pipeline(StandardScaler(with_mean=False), LassoLars())

If you wish to pass a sample_weight parameter, you need to pass it as a fit parameter to each step of the pipeline as follows:

kwargs = {s[0] + '__sample_weight': sample_weight for s in model.steps}
model.fit(X, y, **kwargs)

Set parameter alpha to: original_alpha * np.sqrt(n_samples). 
  warnings.warn(

2023-10-10 14:05:59,444:WARNING:C:\Users\guisa\anaconda3\lib\site-packages\sklearn\linear_model\_base.py:133: FutureWarning: The default of 'normalize' will be set to False in version 1.2 and deprecated in version 1.4.
If you wish to scale the data, use Pipeline with a StandardScaler in a preprocessing stage. To reproduce the previous behavior:

from sklearn.pipeline import make_pipeline

model = make_pipeline(StandardScaler(with_mean=False), LassoLars())

If you wish to pass a sample_weight parameter, you need to pass it as a fit parameter to each step of the pipeline as follows:

kwargs = {s[0] + '__sample_weight': sample_weight for s in model.steps}
model.fit(X, y, **kwargs)

Set parameter alpha to: original_alpha * np.sqrt(n_samples). 
  warnings.warn(

2023-10-10 14:05:59,465:WARNING:C:\Users\guisa\anaconda3\lib\site-packages\sklearn\linear_model\_base.py:133: FutureWarning: The default of 'normalize' will be set to False in version 1.2 and deprecated in version 1.4.
If you wish to scale the data, use Pipeline with a StandardScaler in a preprocessing stage. To reproduce the previous behavior:

from sklearn.pipeline import make_pipeline

model = make_pipeline(StandardScaler(with_mean=False), LassoLars())

If you wish to pass a sample_weight parameter, you need to pass it as a fit parameter to each step of the pipeline as follows:

kwargs = {s[0] + '__sample_weight': sample_weight for s in model.steps}
model.fit(X, y, **kwargs)

Set parameter alpha to: original_alpha * np.sqrt(n_samples). 
  warnings.warn(

2023-10-10 14:05:59,501:WARNING:C:\Users\guisa\anaconda3\lib\site-packages\sklearn\linear_model\_base.py:133: FutureWarning: The default of 'normalize' will be set to False in version 1.2 and deprecated in version 1.4.
If you wish to scale the data, use Pipeline with a StandardScaler in a preprocessing stage. To reproduce the previous behavior:

from sklearn.pipeline import make_pipeline

model = make_pipeline(StandardScaler(with_mean=False), LassoLars())

If you wish to pass a sample_weight parameter, you need to pass it as a fit parameter to each step of the pipeline as follows:

kwargs = {s[0] + '__sample_weight': sample_weight for s in model.steps}
model.fit(X, y, **kwargs)

Set parameter alpha to: original_alpha * np.sqrt(n_samples). 
  warnings.warn(

2023-10-10 14:05:59,526:WARNING:C:\Users\guisa\anaconda3\lib\site-packages\sklearn\linear_model\_base.py:133: FutureWarning: The default of 'normalize' will be set to False in version 1.2 and deprecated in version 1.4.
If you wish to scale the data, use Pipeline with a StandardScaler in a preprocessing stage. To reproduce the previous behavior:

from sklearn.pipeline import make_pipeline

model = make_pipeline(StandardScaler(with_mean=False), LassoLars())

If you wish to pass a sample_weight parameter, you need to pass it as a fit parameter to each step of the pipeline as follows:

kwargs = {s[0] + '__sample_weight': sample_weight for s in model.steps}
model.fit(X, y, **kwargs)

Set parameter alpha to: original_alpha * np.sqrt(n_samples). 
  warnings.warn(

2023-10-10 14:05:59,543:WARNING:C:\Users\guisa\anaconda3\lib\site-packages\sklearn\linear_model\_base.py:133: FutureWarning: The default of 'normalize' will be set to False in version 1.2 and deprecated in version 1.4.
If you wish to scale the data, use Pipeline with a StandardScaler in a preprocessing stage. To reproduce the previous behavior:

from sklearn.pipeline import make_pipeline

model = make_pipeline(StandardScaler(with_mean=False), LassoLars())

If you wish to pass a sample_weight parameter, you need to pass it as a fit parameter to each step of the pipeline as follows:

kwargs = {s[0] + '__sample_weight': sample_weight for s in model.steps}
model.fit(X, y, **kwargs)

Set parameter alpha to: original_alpha * np.sqrt(n_samples). 
  warnings.warn(

2023-10-10 14:05:59,561:WARNING:C:\Users\guisa\anaconda3\lib\site-packages\sklearn\linear_model\_base.py:133: FutureWarning: The default of 'normalize' will be set to False in version 1.2 and deprecated in version 1.4.
If you wish to scale the data, use Pipeline with a StandardScaler in a preprocessing stage. To reproduce the previous behavior:

from sklearn.pipeline import make_pipeline

model = make_pipeline(StandardScaler(with_mean=False), LassoLars())

If you wish to pass a sample_weight parameter, you need to pass it as a fit parameter to each step of the pipeline as follows:

kwargs = {s[0] + '__sample_weight': sample_weight for s in model.steps}
model.fit(X, y, **kwargs)

Set parameter alpha to: original_alpha * np.sqrt(n_samples). 
  warnings.warn(

2023-10-10 14:05:59,578:WARNING:C:\Users\guisa\anaconda3\lib\site-packages\sklearn\linear_model\_base.py:133: FutureWarning: The default of 'normalize' will be set to False in version 1.2 and deprecated in version 1.4.
If you wish to scale the data, use Pipeline with a StandardScaler in a preprocessing stage. To reproduce the previous behavior:

from sklearn.pipeline import make_pipeline

model = make_pipeline(StandardScaler(with_mean=False), LassoLars())

If you wish to pass a sample_weight parameter, you need to pass it as a fit parameter to each step of the pipeline as follows:

kwargs = {s[0] + '__sample_weight': sample_weight for s in model.steps}
model.fit(X, y, **kwargs)

Set parameter alpha to: original_alpha * np.sqrt(n_samples). 
  warnings.warn(

2023-10-10 14:05:59,600:INFO:Calculating mean and std
2023-10-10 14:05:59,607:INFO:Creating metrics dataframe
2023-10-10 14:05:59,616:INFO:Uploading results into container
2023-10-10 14:05:59,618:INFO:Uploading model into container now
2023-10-10 14:05:59,619:INFO:_master_model_container: 6
2023-10-10 14:05:59,620:INFO:_display_container: 2
2023-10-10 14:05:59,621:INFO:LassoLars(random_state=8928)
2023-10-10 14:05:59,621:INFO:create_model() successfully completed......................................
2023-10-10 14:05:59,706:INFO:SubProcess create_model() end ==================================
2023-10-10 14:05:59,707:INFO:Creating metrics dataframe
2023-10-10 14:05:59,724:INFO:Initializing Orthogonal Matching Pursuit
2023-10-10 14:05:59,724:INFO:Total runtime is 0.27567525704701745 minutes
2023-10-10 14:05:59,730:INFO:SubProcess create_model() called ==================================
2023-10-10 14:05:59,730:INFO:Initializing create_model()
2023-10-10 14:05:59,731:INFO:create_model(self=<pycaret.regression.oop.RegressionExperiment object at 0x000001DB66758490>, estimator=omp, fold=KFold(n_splits=10, random_state=None, shuffle=False), round=4, cross_validation=True, predict=True, fit_kwargs={}, groups=None, refit=False, probability_threshold=None, experiment_custom_tags=None, verbose=False, system=False, add_to_model_list=True, metrics=None, display=<pycaret.internal.display.display.CommonDisplay object at 0x000001DB6A58C970>, model_only=True, return_train_score=False, kwargs={})
2023-10-10 14:05:59,731:INFO:Checking exceptions
2023-10-10 14:05:59,731:INFO:Importing libraries
2023-10-10 14:05:59,732:INFO:Copying training dataset
2023-10-10 14:05:59,745:INFO:Defining folds
2023-10-10 14:05:59,746:INFO:Declaring metric variables
2023-10-10 14:05:59,750:INFO:Importing untrained model
2023-10-10 14:05:59,755:INFO:Orthogonal Matching Pursuit Imported successfully
2023-10-10 14:05:59,764:INFO:Starting cross validation
2023-10-10 14:05:59,766:INFO:Cross validating with KFold(n_splits=10, random_state=None, shuffle=False), n_jobs=-1
2023-10-10 14:05:59,822:WARNING:C:\Users\guisa\anaconda3\lib\site-packages\sklearn\linear_model\_base.py:133: FutureWarning: The default of 'normalize' will be set to False in version 1.2 and deprecated in version 1.4.
If you wish to scale the data, use Pipeline with a StandardScaler in a preprocessing stage. To reproduce the previous behavior:

from sklearn.pipeline import make_pipeline

model = make_pipeline(StandardScaler(with_mean=False), OrthogonalMatchingPursuit())

If you wish to pass a sample_weight parameter, you need to pass it as a fit parameter to each step of the pipeline as follows:

kwargs = {s[0] + '__sample_weight': sample_weight for s in model.steps}
model.fit(X, y, **kwargs)


  warnings.warn(

2023-10-10 14:05:59,836:WARNING:C:\Users\guisa\anaconda3\lib\site-packages\sklearn\linear_model\_base.py:133: FutureWarning: The default of 'normalize' will be set to False in version 1.2 and deprecated in version 1.4.
If you wish to scale the data, use Pipeline with a StandardScaler in a preprocessing stage. To reproduce the previous behavior:

from sklearn.pipeline import make_pipeline

model = make_pipeline(StandardScaler(with_mean=False), OrthogonalMatchingPursuit())

If you wish to pass a sample_weight parameter, you need to pass it as a fit parameter to each step of the pipeline as follows:

kwargs = {s[0] + '__sample_weight': sample_weight for s in model.steps}
model.fit(X, y, **kwargs)


  warnings.warn(

2023-10-10 14:05:59,852:WARNING:C:\Users\guisa\anaconda3\lib\site-packages\sklearn\linear_model\_base.py:133: FutureWarning: The default of 'normalize' will be set to False in version 1.2 and deprecated in version 1.4.
If you wish to scale the data, use Pipeline with a StandardScaler in a preprocessing stage. To reproduce the previous behavior:

from sklearn.pipeline import make_pipeline

model = make_pipeline(StandardScaler(with_mean=False), OrthogonalMatchingPursuit())

If you wish to pass a sample_weight parameter, you need to pass it as a fit parameter to each step of the pipeline as follows:

kwargs = {s[0] + '__sample_weight': sample_weight for s in model.steps}
model.fit(X, y, **kwargs)


  warnings.warn(

2023-10-10 14:05:59,869:WARNING:C:\Users\guisa\anaconda3\lib\site-packages\sklearn\linear_model\_base.py:133: FutureWarning: The default of 'normalize' will be set to False in version 1.2 and deprecated in version 1.4.
If you wish to scale the data, use Pipeline with a StandardScaler in a preprocessing stage. To reproduce the previous behavior:

from sklearn.pipeline import make_pipeline

model = make_pipeline(StandardScaler(with_mean=False), OrthogonalMatchingPursuit())

If you wish to pass a sample_weight parameter, you need to pass it as a fit parameter to each step of the pipeline as follows:

kwargs = {s[0] + '__sample_weight': sample_weight for s in model.steps}
model.fit(X, y, **kwargs)


  warnings.warn(

2023-10-10 14:05:59,895:WARNING:C:\Users\guisa\anaconda3\lib\site-packages\sklearn\linear_model\_base.py:133: FutureWarning: The default of 'normalize' will be set to False in version 1.2 and deprecated in version 1.4.
If you wish to scale the data, use Pipeline with a StandardScaler in a preprocessing stage. To reproduce the previous behavior:

from sklearn.pipeline import make_pipeline

model = make_pipeline(StandardScaler(with_mean=False), OrthogonalMatchingPursuit())

If you wish to pass a sample_weight parameter, you need to pass it as a fit parameter to each step of the pipeline as follows:

kwargs = {s[0] + '__sample_weight': sample_weight for s in model.steps}
model.fit(X, y, **kwargs)


  warnings.warn(

2023-10-10 14:05:59,916:WARNING:C:\Users\guisa\anaconda3\lib\site-packages\sklearn\linear_model\_base.py:133: FutureWarning: The default of 'normalize' will be set to False in version 1.2 and deprecated in version 1.4.
If you wish to scale the data, use Pipeline with a StandardScaler in a preprocessing stage. To reproduce the previous behavior:

from sklearn.pipeline import make_pipeline

model = make_pipeline(StandardScaler(with_mean=False), OrthogonalMatchingPursuit())

If you wish to pass a sample_weight parameter, you need to pass it as a fit parameter to each step of the pipeline as follows:

kwargs = {s[0] + '__sample_weight': sample_weight for s in model.steps}
model.fit(X, y, **kwargs)


  warnings.warn(

2023-10-10 14:05:59,934:WARNING:C:\Users\guisa\anaconda3\lib\site-packages\sklearn\linear_model\_base.py:133: FutureWarning: The default of 'normalize' will be set to False in version 1.2 and deprecated in version 1.4.
If you wish to scale the data, use Pipeline with a StandardScaler in a preprocessing stage. To reproduce the previous behavior:

from sklearn.pipeline import make_pipeline

model = make_pipeline(StandardScaler(with_mean=False), OrthogonalMatchingPursuit())

If you wish to pass a sample_weight parameter, you need to pass it as a fit parameter to each step of the pipeline as follows:

kwargs = {s[0] + '__sample_weight': sample_weight for s in model.steps}
model.fit(X, y, **kwargs)


  warnings.warn(

2023-10-10 14:05:59,952:WARNING:C:\Users\guisa\anaconda3\lib\site-packages\sklearn\linear_model\_base.py:133: FutureWarning: The default of 'normalize' will be set to False in version 1.2 and deprecated in version 1.4.
If you wish to scale the data, use Pipeline with a StandardScaler in a preprocessing stage. To reproduce the previous behavior:

from sklearn.pipeline import make_pipeline

model = make_pipeline(StandardScaler(with_mean=False), OrthogonalMatchingPursuit())

If you wish to pass a sample_weight parameter, you need to pass it as a fit parameter to each step of the pipeline as follows:

kwargs = {s[0] + '__sample_weight': sample_weight for s in model.steps}
model.fit(X, y, **kwargs)


  warnings.warn(

2023-10-10 14:05:59,967:WARNING:C:\Users\guisa\anaconda3\lib\site-packages\sklearn\linear_model\_base.py:133: FutureWarning: The default of 'normalize' will be set to False in version 1.2 and deprecated in version 1.4.
If you wish to scale the data, use Pipeline with a StandardScaler in a preprocessing stage. To reproduce the previous behavior:

from sklearn.pipeline import make_pipeline

model = make_pipeline(StandardScaler(with_mean=False), OrthogonalMatchingPursuit())

If you wish to pass a sample_weight parameter, you need to pass it as a fit parameter to each step of the pipeline as follows:

kwargs = {s[0] + '__sample_weight': sample_weight for s in model.steps}
model.fit(X, y, **kwargs)


  warnings.warn(

2023-10-10 14:05:59,976:WARNING:C:\Users\guisa\anaconda3\lib\site-packages\sklearn\linear_model\_base.py:133: FutureWarning: The default of 'normalize' will be set to False in version 1.2 and deprecated in version 1.4.
If you wish to scale the data, use Pipeline with a StandardScaler in a preprocessing stage. To reproduce the previous behavior:

from sklearn.pipeline import make_pipeline

model = make_pipeline(StandardScaler(with_mean=False), OrthogonalMatchingPursuit())

If you wish to pass a sample_weight parameter, you need to pass it as a fit parameter to each step of the pipeline as follows:

kwargs = {s[0] + '__sample_weight': sample_weight for s in model.steps}
model.fit(X, y, **kwargs)


  warnings.warn(

2023-10-10 14:06:00,007:INFO:Calculating mean and std
2023-10-10 14:06:00,020:INFO:Creating metrics dataframe
2023-10-10 14:06:00,033:INFO:Uploading results into container
2023-10-10 14:06:00,035:INFO:Uploading model into container now
2023-10-10 14:06:00,037:INFO:_master_model_container: 7
2023-10-10 14:06:00,038:INFO:_display_container: 2
2023-10-10 14:06:00,040:INFO:OrthogonalMatchingPursuit()
2023-10-10 14:06:00,040:INFO:create_model() successfully completed......................................
2023-10-10 14:06:00,122:INFO:SubProcess create_model() end ==================================
2023-10-10 14:06:00,123:INFO:Creating metrics dataframe
2023-10-10 14:06:00,136:INFO:Initializing Bayesian Ridge
2023-10-10 14:06:00,137:INFO:Total runtime is 0.2825654109319051 minutes
2023-10-10 14:06:00,142:INFO:SubProcess create_model() called ==================================
2023-10-10 14:06:00,142:INFO:Initializing create_model()
2023-10-10 14:06:00,143:INFO:create_model(self=<pycaret.regression.oop.RegressionExperiment object at 0x000001DB66758490>, estimator=br, fold=KFold(n_splits=10, random_state=None, shuffle=False), round=4, cross_validation=True, predict=True, fit_kwargs={}, groups=None, refit=False, probability_threshold=None, experiment_custom_tags=None, verbose=False, system=False, add_to_model_list=True, metrics=None, display=<pycaret.internal.display.display.CommonDisplay object at 0x000001DB6A58C970>, model_only=True, return_train_score=False, kwargs={})
2023-10-10 14:06:00,143:INFO:Checking exceptions
2023-10-10 14:06:00,144:INFO:Importing libraries
2023-10-10 14:06:00,145:INFO:Copying training dataset
2023-10-10 14:06:00,158:INFO:Defining folds
2023-10-10 14:06:00,159:INFO:Declaring metric variables
2023-10-10 14:06:00,164:INFO:Importing untrained model
2023-10-10 14:06:00,168:INFO:Bayesian Ridge Imported successfully
2023-10-10 14:06:00,178:INFO:Starting cross validation
2023-10-10 14:06:00,180:INFO:Cross validating with KFold(n_splits=10, random_state=None, shuffle=False), n_jobs=-1
2023-10-10 14:06:00,446:INFO:Calculating mean and std
2023-10-10 14:06:00,448:INFO:Creating metrics dataframe
2023-10-10 14:06:00,452:INFO:Uploading results into container
2023-10-10 14:06:00,453:INFO:Uploading model into container now
2023-10-10 14:06:00,454:INFO:_master_model_container: 8
2023-10-10 14:06:00,454:INFO:_display_container: 2
2023-10-10 14:06:00,455:INFO:BayesianRidge()
2023-10-10 14:06:00,455:INFO:create_model() successfully completed......................................
2023-10-10 14:06:00,536:INFO:SubProcess create_model() end ==================================
2023-10-10 14:06:00,537:INFO:Creating metrics dataframe
2023-10-10 14:06:00,553:INFO:Initializing Passive Aggressive Regressor
2023-10-10 14:06:00,554:INFO:Total runtime is 0.28950594266255697 minutes
2023-10-10 14:06:00,561:INFO:SubProcess create_model() called ==================================
2023-10-10 14:06:00,562:INFO:Initializing create_model()
2023-10-10 14:06:00,562:INFO:create_model(self=<pycaret.regression.oop.RegressionExperiment object at 0x000001DB66758490>, estimator=par, fold=KFold(n_splits=10, random_state=None, shuffle=False), round=4, cross_validation=True, predict=True, fit_kwargs={}, groups=None, refit=False, probability_threshold=None, experiment_custom_tags=None, verbose=False, system=False, add_to_model_list=True, metrics=None, display=<pycaret.internal.display.display.CommonDisplay object at 0x000001DB6A58C970>, model_only=True, return_train_score=False, kwargs={})
2023-10-10 14:06:00,563:INFO:Checking exceptions
2023-10-10 14:06:00,563:INFO:Importing libraries
2023-10-10 14:06:00,564:INFO:Copying training dataset
2023-10-10 14:06:00,580:INFO:Defining folds
2023-10-10 14:06:00,581:INFO:Declaring metric variables
2023-10-10 14:06:00,587:INFO:Importing untrained model
2023-10-10 14:06:00,594:INFO:Passive Aggressive Regressor Imported successfully
2023-10-10 14:06:00,605:INFO:Starting cross validation
2023-10-10 14:06:00,608:INFO:Cross validating with KFold(n_splits=10, random_state=None, shuffle=False), n_jobs=-1
2023-10-10 14:06:00,901:INFO:Calculating mean and std
2023-10-10 14:06:00,911:INFO:Creating metrics dataframe
2023-10-10 14:06:00,926:INFO:Uploading results into container
2023-10-10 14:06:00,928:INFO:Uploading model into container now
2023-10-10 14:06:00,929:INFO:_master_model_container: 9
2023-10-10 14:06:00,930:INFO:_display_container: 2
2023-10-10 14:06:00,931:INFO:PassiveAggressiveRegressor(random_state=8928)
2023-10-10 14:06:00,931:INFO:create_model() successfully completed......................................
2023-10-10 14:06:01,022:INFO:SubProcess create_model() end ==================================
2023-10-10 14:06:01,023:INFO:Creating metrics dataframe
2023-10-10 14:06:01,041:INFO:Initializing Huber Regressor
2023-10-10 14:06:01,041:INFO:Total runtime is 0.297621750831604 minutes
2023-10-10 14:06:01,047:INFO:SubProcess create_model() called ==================================
2023-10-10 14:06:01,048:INFO:Initializing create_model()
2023-10-10 14:06:01,048:INFO:create_model(self=<pycaret.regression.oop.RegressionExperiment object at 0x000001DB66758490>, estimator=huber, fold=KFold(n_splits=10, random_state=None, shuffle=False), round=4, cross_validation=True, predict=True, fit_kwargs={}, groups=None, refit=False, probability_threshold=None, experiment_custom_tags=None, verbose=False, system=False, add_to_model_list=True, metrics=None, display=<pycaret.internal.display.display.CommonDisplay object at 0x000001DB6A58C970>, model_only=True, return_train_score=False, kwargs={})
2023-10-10 14:06:01,049:INFO:Checking exceptions
2023-10-10 14:06:01,049:INFO:Importing libraries
2023-10-10 14:06:01,050:INFO:Copying training dataset
2023-10-10 14:06:01,065:INFO:Defining folds
2023-10-10 14:06:01,067:INFO:Declaring metric variables
2023-10-10 14:06:01,074:INFO:Importing untrained model
2023-10-10 14:06:01,080:INFO:Huber Regressor Imported successfully
2023-10-10 14:06:01,094:INFO:Starting cross validation
2023-10-10 14:06:01,095:INFO:Cross validating with KFold(n_splits=10, random_state=None, shuffle=False), n_jobs=-1
2023-10-10 14:06:02,099:INFO:Calculating mean and std
2023-10-10 14:06:02,107:INFO:Creating metrics dataframe
2023-10-10 14:06:02,126:INFO:Uploading results into container
2023-10-10 14:06:02,130:INFO:Uploading model into container now
2023-10-10 14:06:02,132:INFO:_master_model_container: 10
2023-10-10 14:06:02,134:INFO:_display_container: 2
2023-10-10 14:06:02,136:INFO:HuberRegressor()
2023-10-10 14:06:02,138:INFO:create_model() successfully completed......................................
2023-10-10 14:06:02,236:INFO:SubProcess create_model() end ==================================
2023-10-10 14:06:02,237:INFO:Creating metrics dataframe
2023-10-10 14:06:02,253:INFO:Initializing K Neighbors Regressor
2023-10-10 14:06:02,254:INFO:Total runtime is 0.31784279346466066 minutes
2023-10-10 14:06:02,259:INFO:SubProcess create_model() called ==================================
2023-10-10 14:06:02,260:INFO:Initializing create_model()
2023-10-10 14:06:02,260:INFO:create_model(self=<pycaret.regression.oop.RegressionExperiment object at 0x000001DB66758490>, estimator=knn, fold=KFold(n_splits=10, random_state=None, shuffle=False), round=4, cross_validation=True, predict=True, fit_kwargs={}, groups=None, refit=False, probability_threshold=None, experiment_custom_tags=None, verbose=False, system=False, add_to_model_list=True, metrics=None, display=<pycaret.internal.display.display.CommonDisplay object at 0x000001DB6A58C970>, model_only=True, return_train_score=False, kwargs={})
2023-10-10 14:06:02,261:INFO:Checking exceptions
2023-10-10 14:06:02,261:INFO:Importing libraries
2023-10-10 14:06:02,261:INFO:Copying training dataset
2023-10-10 14:06:02,275:INFO:Defining folds
2023-10-10 14:06:02,276:INFO:Declaring metric variables
2023-10-10 14:06:02,282:INFO:Importing untrained model
2023-10-10 14:06:02,287:INFO:K Neighbors Regressor Imported successfully
2023-10-10 14:06:02,296:INFO:Starting cross validation
2023-10-10 14:06:02,298:INFO:Cross validating with KFold(n_splits=10, random_state=None, shuffle=False), n_jobs=-1
2023-10-10 14:06:02,760:INFO:Calculating mean and std
2023-10-10 14:06:02,762:INFO:Creating metrics dataframe
2023-10-10 14:06:02,766:INFO:Uploading results into container
2023-10-10 14:06:02,767:INFO:Uploading model into container now
2023-10-10 14:06:02,768:INFO:_master_model_container: 11
2023-10-10 14:06:02,768:INFO:_display_container: 2
2023-10-10 14:06:02,768:INFO:KNeighborsRegressor(n_jobs=-1)
2023-10-10 14:06:02,769:INFO:create_model() successfully completed......................................
2023-10-10 14:06:02,848:INFO:SubProcess create_model() end ==================================
2023-10-10 14:06:02,848:INFO:Creating metrics dataframe
2023-10-10 14:06:02,867:INFO:Initializing Decision Tree Regressor
2023-10-10 14:06:02,867:INFO:Total runtime is 0.3280669212341309 minutes
2023-10-10 14:06:02,873:INFO:SubProcess create_model() called ==================================
2023-10-10 14:06:02,874:INFO:Initializing create_model()
2023-10-10 14:06:02,875:INFO:create_model(self=<pycaret.regression.oop.RegressionExperiment object at 0x000001DB66758490>, estimator=dt, fold=KFold(n_splits=10, random_state=None, shuffle=False), round=4, cross_validation=True, predict=True, fit_kwargs={}, groups=None, refit=False, probability_threshold=None, experiment_custom_tags=None, verbose=False, system=False, add_to_model_list=True, metrics=None, display=<pycaret.internal.display.display.CommonDisplay object at 0x000001DB6A58C970>, model_only=True, return_train_score=False, kwargs={})
2023-10-10 14:06:02,876:INFO:Checking exceptions
2023-10-10 14:06:02,876:INFO:Importing libraries
2023-10-10 14:06:02,877:INFO:Copying training dataset
2023-10-10 14:06:02,893:INFO:Defining folds
2023-10-10 14:06:02,894:INFO:Declaring metric variables
2023-10-10 14:06:02,900:INFO:Importing untrained model
2023-10-10 14:06:02,909:INFO:Decision Tree Regressor Imported successfully
2023-10-10 14:06:02,921:INFO:Starting cross validation
2023-10-10 14:06:02,923:INFO:Cross validating with KFold(n_splits=10, random_state=None, shuffle=False), n_jobs=-1
2023-10-10 14:06:03,361:INFO:Calculating mean and std
2023-10-10 14:06:03,368:INFO:Creating metrics dataframe
2023-10-10 14:06:03,386:INFO:Uploading results into container
2023-10-10 14:06:03,391:INFO:Uploading model into container now
2023-10-10 14:06:03,394:INFO:_master_model_container: 12
2023-10-10 14:06:03,396:INFO:_display_container: 2
2023-10-10 14:06:03,398:INFO:DecisionTreeRegressor(random_state=8928)
2023-10-10 14:06:03,399:INFO:create_model() successfully completed......................................
2023-10-10 14:06:03,504:INFO:SubProcess create_model() end ==================================
2023-10-10 14:06:03,506:INFO:Creating metrics dataframe
2023-10-10 14:06:03,522:INFO:Initializing Random Forest Regressor
2023-10-10 14:06:03,523:INFO:Total runtime is 0.33899737199147545 minutes
2023-10-10 14:06:03,528:INFO:SubProcess create_model() called ==================================
2023-10-10 14:06:03,529:INFO:Initializing create_model()
2023-10-10 14:06:03,529:INFO:create_model(self=<pycaret.regression.oop.RegressionExperiment object at 0x000001DB66758490>, estimator=rf, fold=KFold(n_splits=10, random_state=None, shuffle=False), round=4, cross_validation=True, predict=True, fit_kwargs={}, groups=None, refit=False, probability_threshold=None, experiment_custom_tags=None, verbose=False, system=False, add_to_model_list=True, metrics=None, display=<pycaret.internal.display.display.CommonDisplay object at 0x000001DB6A58C970>, model_only=True, return_train_score=False, kwargs={})
2023-10-10 14:06:03,529:INFO:Checking exceptions
2023-10-10 14:06:03,530:INFO:Importing libraries
2023-10-10 14:06:03,530:INFO:Copying training dataset
2023-10-10 14:06:03,544:INFO:Defining folds
2023-10-10 14:06:03,545:INFO:Declaring metric variables
2023-10-10 14:06:03,549:INFO:Importing untrained model
2023-10-10 14:06:03,554:INFO:Random Forest Regressor Imported successfully
2023-10-10 14:06:03,563:INFO:Starting cross validation
2023-10-10 14:06:03,565:INFO:Cross validating with KFold(n_splits=10, random_state=None, shuffle=False), n_jobs=-1
2023-10-10 14:06:24,054:INFO:Calculating mean and std
2023-10-10 14:06:24,058:INFO:Creating metrics dataframe
2023-10-10 14:06:24,069:INFO:Uploading results into container
2023-10-10 14:06:24,072:INFO:Uploading model into container now
2023-10-10 14:06:24,074:INFO:_master_model_container: 13
2023-10-10 14:06:24,074:INFO:_display_container: 2
2023-10-10 14:06:24,076:INFO:RandomForestRegressor(n_jobs=-1, random_state=8928)
2023-10-10 14:06:24,077:INFO:create_model() successfully completed......................................
2023-10-10 14:06:24,206:INFO:SubProcess create_model() end ==================================
2023-10-10 14:06:24,207:INFO:Creating metrics dataframe
2023-10-10 14:06:24,235:INFO:Initializing Extra Trees Regressor
2023-10-10 14:06:24,236:INFO:Total runtime is 0.6842113335927328 minutes
2023-10-10 14:06:24,245:INFO:SubProcess create_model() called ==================================
2023-10-10 14:06:24,247:INFO:Initializing create_model()
2023-10-10 14:06:24,247:INFO:create_model(self=<pycaret.regression.oop.RegressionExperiment object at 0x000001DB66758490>, estimator=et, fold=KFold(n_splits=10, random_state=None, shuffle=False), round=4, cross_validation=True, predict=True, fit_kwargs={}, groups=None, refit=False, probability_threshold=None, experiment_custom_tags=None, verbose=False, system=False, add_to_model_list=True, metrics=None, display=<pycaret.internal.display.display.CommonDisplay object at 0x000001DB6A58C970>, model_only=True, return_train_score=False, kwargs={})
2023-10-10 14:06:24,248:INFO:Checking exceptions
2023-10-10 14:06:24,249:INFO:Importing libraries
2023-10-10 14:06:24,249:INFO:Copying training dataset
2023-10-10 14:06:24,275:INFO:Defining folds
2023-10-10 14:06:24,276:INFO:Declaring metric variables
2023-10-10 14:06:24,284:INFO:Importing untrained model
2023-10-10 14:06:24,295:INFO:Extra Trees Regressor Imported successfully
2023-10-10 14:06:24,314:INFO:Starting cross validation
2023-10-10 14:06:24,318:INFO:Cross validating with KFold(n_splits=10, random_state=None, shuffle=False), n_jobs=-1
2023-10-10 14:06:43,819:INFO:Calculating mean and std
2023-10-10 14:06:43,826:INFO:Creating metrics dataframe
2023-10-10 14:06:43,840:INFO:Uploading results into container
2023-10-10 14:06:43,842:INFO:Uploading model into container now
2023-10-10 14:06:43,844:INFO:_master_model_container: 14
2023-10-10 14:06:43,844:INFO:_display_container: 2
2023-10-10 14:06:43,846:INFO:ExtraTreesRegressor(n_jobs=-1, random_state=8928)
2023-10-10 14:06:43,846:INFO:create_model() successfully completed......................................
2023-10-10 14:06:44,009:INFO:SubProcess create_model() end ==================================
2023-10-10 14:06:44,010:INFO:Creating metrics dataframe
2023-10-10 14:06:44,047:INFO:Initializing AdaBoost Regressor
2023-10-10 14:06:44,047:INFO:Total runtime is 1.0143882433573406 minutes
2023-10-10 14:06:44,057:INFO:SubProcess create_model() called ==================================
2023-10-10 14:06:44,058:INFO:Initializing create_model()
2023-10-10 14:06:44,058:INFO:create_model(self=<pycaret.regression.oop.RegressionExperiment object at 0x000001DB66758490>, estimator=ada, fold=KFold(n_splits=10, random_state=None, shuffle=False), round=4, cross_validation=True, predict=True, fit_kwargs={}, groups=None, refit=False, probability_threshold=None, experiment_custom_tags=None, verbose=False, system=False, add_to_model_list=True, metrics=None, display=<pycaret.internal.display.display.CommonDisplay object at 0x000001DB6A58C970>, model_only=True, return_train_score=False, kwargs={})
2023-10-10 14:06:44,059:INFO:Checking exceptions
2023-10-10 14:06:44,060:INFO:Importing libraries
2023-10-10 14:06:44,060:INFO:Copying training dataset
2023-10-10 14:06:44,089:INFO:Defining folds
2023-10-10 14:06:44,090:INFO:Declaring metric variables
2023-10-10 14:06:44,098:INFO:Importing untrained model
2023-10-10 14:06:44,107:INFO:AdaBoost Regressor Imported successfully
2023-10-10 14:06:44,128:INFO:Starting cross validation
2023-10-10 14:06:44,132:INFO:Cross validating with KFold(n_splits=10, random_state=None, shuffle=False), n_jobs=-1
2023-10-10 14:06:47,269:INFO:Calculating mean and std
2023-10-10 14:06:47,276:INFO:Creating metrics dataframe
2023-10-10 14:06:47,300:INFO:Uploading results into container
2023-10-10 14:06:47,306:INFO:Uploading model into container now
2023-10-10 14:06:47,308:INFO:_master_model_container: 15
2023-10-10 14:06:47,309:INFO:_display_container: 2
2023-10-10 14:06:47,311:INFO:AdaBoostRegressor(random_state=8928)
2023-10-10 14:06:47,312:INFO:create_model() successfully completed......................................
2023-10-10 14:06:47,403:INFO:SubProcess create_model() end ==================================
2023-10-10 14:06:47,403:INFO:Creating metrics dataframe
2023-10-10 14:06:47,421:INFO:Initializing Gradient Boosting Regressor
2023-10-10 14:06:47,422:INFO:Total runtime is 1.070643432935079 minutes
2023-10-10 14:06:47,426:INFO:SubProcess create_model() called ==================================
2023-10-10 14:06:47,427:INFO:Initializing create_model()
2023-10-10 14:06:47,428:INFO:create_model(self=<pycaret.regression.oop.RegressionExperiment object at 0x000001DB66758490>, estimator=gbr, fold=KFold(n_splits=10, random_state=None, shuffle=False), round=4, cross_validation=True, predict=True, fit_kwargs={}, groups=None, refit=False, probability_threshold=None, experiment_custom_tags=None, verbose=False, system=False, add_to_model_list=True, metrics=None, display=<pycaret.internal.display.display.CommonDisplay object at 0x000001DB6A58C970>, model_only=True, return_train_score=False, kwargs={})
2023-10-10 14:06:47,428:INFO:Checking exceptions
2023-10-10 14:06:47,429:INFO:Importing libraries
2023-10-10 14:06:47,429:INFO:Copying training dataset
2023-10-10 14:06:47,443:INFO:Defining folds
2023-10-10 14:06:47,444:INFO:Declaring metric variables
2023-10-10 14:06:47,448:INFO:Importing untrained model
2023-10-10 14:06:47,454:INFO:Gradient Boosting Regressor Imported successfully
2023-10-10 14:06:47,462:INFO:Starting cross validation
2023-10-10 14:06:47,464:INFO:Cross validating with KFold(n_splits=10, random_state=None, shuffle=False), n_jobs=-1
2023-10-10 14:06:55,116:INFO:Calculating mean and std
2023-10-10 14:06:55,119:INFO:Creating metrics dataframe
2023-10-10 14:06:55,123:INFO:Uploading results into container
2023-10-10 14:06:55,124:INFO:Uploading model into container now
2023-10-10 14:06:55,125:INFO:_master_model_container: 16
2023-10-10 14:06:55,126:INFO:_display_container: 2
2023-10-10 14:06:55,127:INFO:GradientBoostingRegressor(random_state=8928)
2023-10-10 14:06:55,127:INFO:create_model() successfully completed......................................
2023-10-10 14:06:55,208:INFO:SubProcess create_model() end ==================================
2023-10-10 14:06:55,208:INFO:Creating metrics dataframe
2023-10-10 14:06:55,224:INFO:Initializing Extreme Gradient Boosting
2023-10-10 14:06:55,225:INFO:Total runtime is 1.2007006367047628 minutes
2023-10-10 14:06:55,229:INFO:SubProcess create_model() called ==================================
2023-10-10 14:06:55,230:INFO:Initializing create_model()
2023-10-10 14:06:55,230:INFO:create_model(self=<pycaret.regression.oop.RegressionExperiment object at 0x000001DB66758490>, estimator=xgboost, fold=KFold(n_splits=10, random_state=None, shuffle=False), round=4, cross_validation=True, predict=True, fit_kwargs={}, groups=None, refit=False, probability_threshold=None, experiment_custom_tags=None, verbose=False, system=False, add_to_model_list=True, metrics=None, display=<pycaret.internal.display.display.CommonDisplay object at 0x000001DB6A58C970>, model_only=True, return_train_score=False, kwargs={})
2023-10-10 14:06:55,231:INFO:Checking exceptions
2023-10-10 14:06:55,231:INFO:Importing libraries
2023-10-10 14:06:55,231:INFO:Copying training dataset
2023-10-10 14:06:55,248:INFO:Defining folds
2023-10-10 14:06:55,248:INFO:Declaring metric variables
2023-10-10 14:06:55,254:INFO:Importing untrained model
2023-10-10 14:06:55,260:INFO:Extreme Gradient Boosting Imported successfully
2023-10-10 14:06:55,273:INFO:Starting cross validation
2023-10-10 14:06:55,275:INFO:Cross validating with KFold(n_splits=10, random_state=None, shuffle=False), n_jobs=-1
2023-10-10 14:07:03,760:INFO:Calculating mean and std
2023-10-10 14:07:03,768:INFO:Creating metrics dataframe
2023-10-10 14:07:03,778:INFO:Uploading results into container
2023-10-10 14:07:03,780:INFO:Uploading model into container now
2023-10-10 14:07:03,781:INFO:_master_model_container: 17
2023-10-10 14:07:03,781:INFO:_display_container: 2
2023-10-10 14:07:03,784:INFO:XGBRegressor(base_score=None, booster='gbtree', callbacks=None,
             colsample_bylevel=None, colsample_bynode=None,
             colsample_bytree=None, early_stopping_rounds=None,
             enable_categorical=False, eval_metric=None, feature_types=None,
             gamma=None, gpu_id=None, grow_policy=None, importance_type=None,
             interaction_constraints=None, learning_rate=None, max_bin=None,
             max_cat_threshold=None, max_cat_to_onehot=None,
             max_delta_step=None, max_depth=None, max_leaves=None,
             min_child_weight=None, missing=nan, monotone_constraints=None,
             n_estimators=100, n_jobs=-1, num_parallel_tree=None,
             predictor=None, random_state=8928, ...)
2023-10-10 14:07:03,784:INFO:create_model() successfully completed......................................
2023-10-10 14:07:03,864:INFO:SubProcess create_model() end ==================================
2023-10-10 14:07:03,865:INFO:Creating metrics dataframe
2023-10-10 14:07:03,882:INFO:Initializing Light Gradient Boosting Machine
2023-10-10 14:07:03,883:INFO:Total runtime is 1.3449989835421245 minutes
2023-10-10 14:07:03,889:INFO:SubProcess create_model() called ==================================
2023-10-10 14:07:03,889:INFO:Initializing create_model()
2023-10-10 14:07:03,890:INFO:create_model(self=<pycaret.regression.oop.RegressionExperiment object at 0x000001DB66758490>, estimator=lightgbm, fold=KFold(n_splits=10, random_state=None, shuffle=False), round=4, cross_validation=True, predict=True, fit_kwargs={}, groups=None, refit=False, probability_threshold=None, experiment_custom_tags=None, verbose=False, system=False, add_to_model_list=True, metrics=None, display=<pycaret.internal.display.display.CommonDisplay object at 0x000001DB6A58C970>, model_only=True, return_train_score=False, kwargs={})
2023-10-10 14:07:03,890:INFO:Checking exceptions
2023-10-10 14:07:03,891:INFO:Importing libraries
2023-10-10 14:07:03,891:INFO:Copying training dataset
2023-10-10 14:07:03,902:INFO:Defining folds
2023-10-10 14:07:03,903:INFO:Declaring metric variables
2023-10-10 14:07:03,907:INFO:Importing untrained model
2023-10-10 14:07:03,912:INFO:Light Gradient Boosting Machine Imported successfully
2023-10-10 14:07:03,925:INFO:Starting cross validation
2023-10-10 14:07:03,927:INFO:Cross validating with KFold(n_splits=10, random_state=None, shuffle=False), n_jobs=-1
2023-10-10 14:07:05,926:INFO:Calculating mean and std
2023-10-10 14:07:05,933:INFO:Creating metrics dataframe
2023-10-10 14:07:05,949:INFO:Uploading results into container
2023-10-10 14:07:05,951:INFO:Uploading model into container now
2023-10-10 14:07:05,953:INFO:_master_model_container: 18
2023-10-10 14:07:05,954:INFO:_display_container: 2
2023-10-10 14:07:05,956:INFO:LGBMRegressor(n_jobs=-1, random_state=8928)
2023-10-10 14:07:05,956:INFO:create_model() successfully completed......................................
2023-10-10 14:07:06,104:INFO:SubProcess create_model() end ==================================
2023-10-10 14:07:06,105:INFO:Creating metrics dataframe
2023-10-10 14:07:06,136:INFO:Initializing Dummy Regressor
2023-10-10 14:07:06,137:INFO:Total runtime is 1.382555929819743 minutes
2023-10-10 14:07:06,145:INFO:SubProcess create_model() called ==================================
2023-10-10 14:07:06,146:INFO:Initializing create_model()
2023-10-10 14:07:06,147:INFO:create_model(self=<pycaret.regression.oop.RegressionExperiment object at 0x000001DB66758490>, estimator=dummy, fold=KFold(n_splits=10, random_state=None, shuffle=False), round=4, cross_validation=True, predict=True, fit_kwargs={}, groups=None, refit=False, probability_threshold=None, experiment_custom_tags=None, verbose=False, system=False, add_to_model_list=True, metrics=None, display=<pycaret.internal.display.display.CommonDisplay object at 0x000001DB6A58C970>, model_only=True, return_train_score=False, kwargs={})
2023-10-10 14:07:06,147:INFO:Checking exceptions
2023-10-10 14:07:06,148:INFO:Importing libraries
2023-10-10 14:07:06,149:INFO:Copying training dataset
2023-10-10 14:07:06,170:INFO:Defining folds
2023-10-10 14:07:06,171:INFO:Declaring metric variables
2023-10-10 14:07:06,179:INFO:Importing untrained model
2023-10-10 14:07:06,189:INFO:Dummy Regressor Imported successfully
2023-10-10 14:07:06,207:INFO:Starting cross validation
2023-10-10 14:07:06,212:INFO:Cross validating with KFold(n_splits=10, random_state=None, shuffle=False), n_jobs=-1
2023-10-10 14:07:06,494:INFO:Calculating mean and std
2023-10-10 14:07:06,503:INFO:Creating metrics dataframe
2023-10-10 14:07:06,516:INFO:Uploading results into container
2023-10-10 14:07:06,519:INFO:Uploading model into container now
2023-10-10 14:07:06,521:INFO:_master_model_container: 19
2023-10-10 14:07:06,522:INFO:_display_container: 2
2023-10-10 14:07:06,523:INFO:DummyRegressor()
2023-10-10 14:07:06,523:INFO:create_model() successfully completed......................................
2023-10-10 14:07:06,635:INFO:SubProcess create_model() end ==================================
2023-10-10 14:07:06,636:INFO:Creating metrics dataframe
2023-10-10 14:07:06,689:INFO:Initializing create_model()
2023-10-10 14:07:06,690:INFO:create_model(self=<pycaret.regression.oop.RegressionExperiment object at 0x000001DB66758490>, estimator=LGBMRegressor(n_jobs=-1, random_state=8928), fold=KFold(n_splits=10, random_state=None, shuffle=False), round=4, cross_validation=False, predict=False, fit_kwargs={}, groups=None, refit=True, probability_threshold=None, experiment_custom_tags=None, verbose=False, system=False, add_to_model_list=True, metrics=None, display=None, model_only=True, return_train_score=False, kwargs={})
2023-10-10 14:07:06,691:INFO:Checking exceptions
2023-10-10 14:07:06,695:INFO:Importing libraries
2023-10-10 14:07:06,696:INFO:Copying training dataset
2023-10-10 14:07:06,720:INFO:Defining folds
2023-10-10 14:07:06,721:INFO:Declaring metric variables
2023-10-10 14:07:06,722:INFO:Importing untrained model
2023-10-10 14:07:06,723:INFO:Declaring custom model
2023-10-10 14:07:06,726:INFO:Light Gradient Boosting Machine Imported successfully
2023-10-10 14:07:06,728:INFO:Cross validation set to False
2023-10-10 14:07:06,729:INFO:Fitting Model
2023-10-10 14:07:06,823:INFO:[LightGBM] [Info] Auto-choosing row-wise multi-threading, the overhead of testing was 0.002627 seconds.
2023-10-10 14:07:06,824:INFO:You can set `force_row_wise=true` to remove the overhead.
2023-10-10 14:07:06,825:INFO:And if memory is not enough, you can set `force_col_wise=true`.
2023-10-10 14:07:06,826:INFO:[LightGBM] [Info] Total Bins 618
2023-10-10 14:07:06,827:INFO:[LightGBM] [Info] Number of data points in the train set: 19638, number of used features: 13
2023-10-10 14:07:06,829:INFO:[LightGBM] [Info] Start training from score 120382.730449
2023-10-10 14:07:07,159:INFO:LGBMRegressor(n_jobs=-1, random_state=8928)
2023-10-10 14:07:07,160:INFO:create_model() successfully completed......................................
2023-10-10 14:07:07,404:INFO:_master_model_container: 19
2023-10-10 14:07:07,405:INFO:_display_container: 2
2023-10-10 14:07:07,406:INFO:LGBMRegressor(n_jobs=-1, random_state=8928)
2023-10-10 14:07:07,407:INFO:compare_models() successfully completed......................................
